<?xml version="1.0" encoding="UTF-8"?>
<testsuite xmlns:xsi="http://www.w3.org/2001/XMLSchema-instance" xsi:noNamespaceSchemaLocation="https://maven.apache.org/surefire/maven-surefire-plugin/xsd/surefire-test-report.xsd" name="ru.MTUCI.app.EmployeeServiceImplTest" time="0.114" tests="3" errors="0" skipped="0" failures="0">
  <properties>
[...]
</properties>
  <testcase name="getMapCountOfEmployeesByRole" classname="ru.MTUCI.app.EmployeeServiceImplTest" time="0.094"/>
  <testcase name="getEmployeesAndTheirRoles" classname="ru.MTUCI.app.EmployeeServiceImplTest" time="0.015"/>
  <testcase name="getNumberOfAdmins" classname="ru.MTUCI.app.EmployeeServiceImplTest" time="0.001"/>
</testsuite>